mode: set
github.com/aisvi/bimap/bimap.go:10.61,15.2 1 1
github.com/aisvi/bimap/bimap.go:18.43,21.2 2 1
github.com/aisvi/bimap/bimap.go:24.49,27.2 2 1
github.com/aisvi/bimap/bimap.go:30.53,33.2 2 1
github.com/aisvi/bimap/bimap.go:36.37,37.37 1 1
github.com/aisvi/bimap/bimap.go:37.37,40.3 2 1
github.com/aisvi/bimap/bimap.go:44.33,46.2 1 1
github.com/aisvi/bimap/bimap.go:49.34,51.29 2 1
github.com/aisvi/bimap/bimap.go:51.29,53.3 1 1
github.com/aisvi/bimap/bimap.go:54.2,54.13 1 1
github.com/aisvi/bimap/bimap.go:58.36,60.32 2 1
github.com/aisvi/bimap/bimap.go:60.32,62.3 1 1
github.com/aisvi/bimap/bimap.go:63.2,63.15 1 1
github.com/aisvi/bimap/bimap.go:67.31,70.2 2 1
github.com/aisvi/bimap/utils.go:4.59,7.34 2 1
github.com/aisvi/bimap/utils.go:7.34,9.3 1 1
github.com/aisvi/bimap/utils.go:10.2,10.16 1 1
